<?xml version="1.0" encoding="UTF-8"?>
<!-- Generated by org.testng.reporters.JUnitXMLReporter -->
<testsuite hostname="DESKTOP-230DGHF" ignored="0" name="Test" tests="3" failures="0" timestamp="13 Jun 2021 04:22:36 GMT" time="18.929" errors="0">
  <testcase name="TC_01_Login_With_Empty_Data" time="2.568" classname="com.alada.login.User_03_Login_Page_Object_Pattern"/>
  <testcase name="TC_02_Login_With_Invalid_Emali" time="1.089" classname="com.alada.login.User_03_Login_Page_Object_Pattern"/>
  <testcase name="TC_03_Login_With_Email_Not_Register" time="1.774" classname="com.alada.login.User_03_Login_Page_Object_Pattern"/>
</testsuite> <!-- Test -->
