<?xml version="1.0" encoding="UTF-8"?>
<!-- Generated by org.testng.reporters.JUnitXMLReporter -->
<testsuite hostname="DESKTOP-230DGHF" ignored="0" name="Run on chrome" tests="3" failures="0" timestamp="27 Jun 2021 12:32:06 GMT" time="23.153" errors="0">
  <testcase name="TC_01_Register" time="9.741" classname="com.nopcommerce.user.User_04_Register_Login_Page_Object_Multiple_Browser"/>
  <testcase name="TC_02_Login" time="3.385" classname="com.nopcommerce.user.User_04_Register_Login_Page_Object_Multiple_Browser"/>
  <testcase name="TC_03_Verify" time="4.614" classname="com.nopcommerce.user.User_04_Register_Login_Page_Object_Multiple_Browser"/>
</testsuite> <!-- Run on chrome -->
