<?xml version="1.0" encoding="UTF-8"?>
<!-- Generated by org.testng.reporters.JUnitXMLReporter -->
<testsuite hostname="DESKTOP-230DGHF" ignored="0" name="Run on edge " tests="3" failures="0" timestamp="27 Jun 2021 12:32:33 GMT" time="26.882" errors="0">
  <testcase name="TC_01_Register" time="11.2" classname="com.nopcommerce.user.User_04_Register_Login_Page_Object_Multiple_Browser"/>
  <testcase name="TC_02_Login" time="4.319" classname="com.nopcommerce.user.User_04_Register_Login_Page_Object_Multiple_Browser"/>
  <testcase name="TC_03_Verify" time="4.777" classname="com.nopcommerce.user.User_04_Register_Login_Page_Object_Multiple_Browser"/>
</testsuite> <!-- Run on edge  -->
