<?xml version="1.0" encoding="UTF-8"?>
<!-- Generated by org.testng.reporters.JUnitXMLReporter -->
<testsuite hostname="DESKTOP-230DGHF" ignored="0" name="Run on firefox" tests="3" failures="0" timestamp="03 Jul 2021 13:23:35 GMT" time="27.98" errors="0">
  <testcase name="TC_01_Register" time="10.283" classname="com.nopcommerce.user.User_03_Register_Login_Page_Object_Pattern"/>
  <testcase name="TC_02_Login" time="3.87" classname="com.nopcommerce.user.User_03_Register_Login_Page_Object_Pattern"/>
  <testcase name="TC_03_Verify" time="4.527" classname="com.nopcommerce.user.User_03_Register_Login_Page_Object_Pattern"/>
</testsuite> <!-- Run on firefox -->
