<?xml version="1.0" encoding="UTF-8"?>
<!-- Generated by org.testng.reporters.JUnitXMLReporter -->
<testsuite hostname="DESKTOP-230DGHF" ignored="0" name="Run on chorme" tests="3" failures="0" timestamp="26 Jun 2021 09:31:05 GMT" time="0.056" errors="0">
  <testcase name="@BeforeClass beforeClass" time="0.001" classname="com.nopcommerce.user.User_04_Register_Login_Page_Object_Multiple_Browser">
    <failure type="java.lang.RuntimeException" message="Browser name is not correct">
      <![CDATA[java.lang.RuntimeException: Browser name is not correct
at commons.BaseTest.getBrowserDriver(BaseTest.java:29)
at com.nopcommerce.user.User_04_Register_Login_Page_Object_Multiple_Browser.beforeClass(User_04_Register_Login_Page_Object_Multiple_Browser.java:33)
... Removed 26 stack frames]]>
    </failure>
  </testcase> <!-- @BeforeClass beforeClass -->
  <testcase name="@AfterClass afterClass" time="0.0" classname="com.nopcommerce.user.User_04_Register_Login_Page_Object_Multiple_Browser">
    <skipped/>
  </testcase> <!-- @AfterClass afterClass -->
  <testcase name="TC_01_Register" time="0.0" classname="com.nopcommerce.user.User_04_Register_Login_Page_Object_Multiple_Browser">
    <skipped/>
  </testcase> <!-- TC_01_Register -->
  <testcase name="TC_02_Login" time="0.0" classname="com.nopcommerce.user.User_04_Register_Login_Page_Object_Multiple_Browser">
    <skipped/>
  </testcase> <!-- TC_02_Login -->
  <testcase name="TC_03_Verify" time="0.0" classname="com.nopcommerce.user.User_04_Register_Login_Page_Object_Multiple_Browser">
    <skipped/>
  </testcase> <!-- TC_03_Verify -->
</testsuite> <!-- Run on chorme -->
