<?xml version="1.0" encoding="UTF-8"?>
<testng-results skipped="0" failed="0" ignored="0" total="1" passed="1">
  <reporter-output>
  </reporter-output>
  <suite name="Default suite" duration-ms="14872" started-at="2021-05-23T03:18:03Z" finished-at="2021-05-23T03:18:18Z">
    <groups>
    </groups>
    <test name="Default test" duration-ms="14872" started-at="2021-05-23T03:18:03Z" finished-at="2021-05-23T03:18:18Z">
      <class name="com.nopcommerce.user.User_01_Register_Login">
        <test-method status="PASS" signature="beforeClass()[pri:0, instance:com.nopcommerce.user.User_01_Register_Login@5d5eef3d]" name="beforeClass" is-config="true" duration-ms="12905" started-at="2021-05-23T03:18:03Z" finished-at="2021-05-23T03:18:16Z">
          <reporter-output>
          </reporter-output>
        </test-method> <!-- beforeClass -->
        <test-method status="PASS" signature="TC_01_Empty_data()[pri:0, instance:com.nopcommerce.user.User_01_Register_Login@5d5eef3d]" name="TC_01_Empty_data" duration-ms="18" started-at="2021-05-23T03:18:16Z" finished-at="2021-05-23T03:18:16Z">
          <reporter-output>
          </reporter-output>
        </test-method> <!-- TC_01_Empty_data -->
        <test-method status="PASS" signature="afterClass()[pri:0, instance:com.nopcommerce.user.User_01_Register_Login@5d5eef3d]" name="afterClass" is-config="true" duration-ms="1876" started-at="2021-05-23T03:18:16Z" finished-at="2021-05-23T03:18:18Z">
          <reporter-output>
          </reporter-output>
        </test-method> <!-- afterClass -->
      </class> <!-- com.nopcommerce.user.User_01_Register_Login -->
    </test> <!-- Default test -->
  </suite> <!-- Default suite -->
</testng-results>
