<?xml version="1.0" encoding="UTF-8"?>
<testng-results skipped="0" failed="0" ignored="0" total="1" passed="1">
  <reporter-output>
  </reporter-output>
  <suite name="Suite" duration-ms="97" started-at="2021-05-22T10:35:50Z" finished-at="2021-05-22T10:35:50Z">
    <groups>
    </groups>
    <test name="Test" duration-ms="97" started-at="2021-05-22T10:35:50Z" finished-at="2021-05-22T10:35:50Z">
      <class name="com.nopcommerce.user.User_01_Register_Login">
        <test-method status="PASS" signature="beforeClass()[pri:0, instance:com.nopcommerce.user.User_01_Register_Login@5dfcfece]" name="beforeClass" is-config="true" duration-ms="26" started-at="2021-05-22T10:35:50Z" finished-at="2021-05-22T10:35:50Z">
          <reporter-output>
          </reporter-output>
        </test-method> <!-- beforeClass -->
        <test-method status="PASS" signature="TC_01_Empty_data()[pri:0, instance:com.nopcommerce.user.User_01_Register_Login@5dfcfece]" name="TC_01_Empty_data" duration-ms="14" started-at="2021-05-22T10:35:50Z" finished-at="2021-05-22T10:35:50Z">
          <reporter-output>
          </reporter-output>
        </test-method> <!-- TC_01_Empty_data -->
        <test-method status="PASS" signature="afterClass()[pri:0, instance:com.nopcommerce.user.User_01_Register_Login@5dfcfece]" name="afterClass" is-config="true" duration-ms="0" started-at="2021-05-22T10:35:50Z" finished-at="2021-05-22T10:35:50Z">
          <reporter-output>
          </reporter-output>
        </test-method> <!-- afterClass -->
      </class> <!-- com.nopcommerce.user.User_01_Register_Login -->
    </test> <!-- Test -->
  </suite> <!-- Suite -->
</testng-results>
